2024-01-28 19:00:12,385 - INFO: Удаление старого превью: /mnt/smsng_hdd/Python work/ObiemniiMir/TestData/Красноярск Березовская 1 ш холсты/Красноярск Березовская 1 ш холсты.pdf
2024-01-28 19:00:14,254 - INFO: Открываю файл: п_Холст 25х34 см,  с рамой_0000_7447_1_1а_V_id_1250_1_V.jpg
2024-01-28 19:00:20,029 - INFO: Открываю файл: п_Холст 25х34 см,  с рамой_0000_7452_1_1а_V_id_1250_2_V.jpg
2024-01-28 19:00:20,819 - INFO: Открываю файл: п_Холст 25х34 см,  с рамой_0000_7453_1_1а_V_id_1250_3_V.jpg
2024-01-28 19:00:21,570 - INFO: Открываю файл: п_Холст 25х34 см,  с рамой_0000_7457_1_1а_V_id_1250_4_V.jpg
2024-01-28 19:00:22,264 - INFO: Открываю файл: п_Холст 25х34 см_0000_7463_1_1а_V_id_1000_5_V.jpg
2024-01-28 19:00:22,973 - INFO: Открываю файл: п_Холст 25х34 см,  с рамой_0000_7473_1_1в_V_id_1250_6_V.jpg
2024-01-28 19:00:23,703 - INFO: Открываю файл: п_Холст 25х34 см_0000_7476_1_1в_V_id_1000_7_V.jpg
2024-01-28 19:00:24,396 - INFO: Открываю файл: п_Холст 25х34 см,  с рамой_0000_7478_1_1в_V_id_1250_8_V.jpg
2024-01-28 19:00:25,110 - INFO: Открываю файл: п_Холст 25х34 см_0000_7487_1_1в_V_id_1000_9_V.jpg
2024-01-28 19:00:25,790 - INFO: Открываю файл: п_Холст 25х34 см,  с рамой_0000_7490_1_1в_V_id_1250_10_V.jpg
2024-01-28 19:00:26,465 - INFO: Открываю файл: п_Холст 25х34 см_0000_7410_1_1б_V_id_1000_11_V.jpg
2024-01-28 19:00:27,181 - INFO: Открываю файл: п_Холст 25х34 см_0000_7415_1_1б_V_id_1000_12_V.jpg
2024-01-28 19:00:27,870 - INFO: Открываю файл: п_Холст 25х34 см_0000_7418_1_1б_V_id_1000_13_V.jpg
2024-01-28 19:00:28,544 - INFO: Открываю файл: п_Холст 25х34 см_0000_7421_1_1б_V_id_1000_14_V.jpg
2024-01-28 19:00:29,227 - INFO: Открываю файл: п_Холст 25х34 см,  с рамой_0000_7428_1_1б_V_id_1250_15_V.jpg
2024-01-28 19:00:29,935 - INFO: Открываю файл: п_Холст 25х34 см,  с рамой_0000_7430_1_1б_V_id_1250_16_V.jpg
2024-01-28 19:00:30,609 - INFO: Открываю файл: п_Холст 25х34 см,  с рамой_0000_7434_2_1б_V_id_2500_17_V.jpg
2024-01-28 19:00:31,295 - INFO: Открываю файл: п_Холст 25х34 см,  с рамой_0000_7437_1_1б_V_id_1250_18_V.jpg
2024-01-28 19:00:32,031 - INFO: Открываю файл: п_Холст 25х34 см,  с рамой_0000_7439_1_1б_V_id_1250_19_V.jpg
2024-01-28 19:00:32,718 - INFO: Открываю файл: п_Холст 25х34 см_0000_7483_1_1г_V_id_1000_20_V.jpg
2024-01-28 19:00:33,395 - INFO: Открываю файл: п_Холст 33х46 см_0000_7483_1_1г_V_id_1300_21_V.jpg
2024-01-28 19:00:34,079 - INFO: Открываю файл: п_Холст 33х46 см, с рамой_0000_7494_1_1г_V_id_1650_22_V.jpg
2024-01-28 19:00:34,775 - INFO: Открываю файл: п_Холст 25х34 см,  с рамой_0000_7498_1_1г_V_id_1250_23_V.jpg
2024-01-28 19:00:35,469 - INFO: Открываю файл: п_Холст 25х34 см_0000_7500_1_1г_V_id_1000_24_V.jpg
2024-01-28 19:00:36,172 - INFO: Открываю файл: п_Холст 25х34 см,  с рамой_0000_7505_1_1г_V_id_1250_25_V.jpg
2024-01-28 19:00:36,883 - INFO: Открываю файл: п_Холст 25х34 см,  с рамой_0000_7509_1_1г_V_id_1250_26_V.jpg
2024-01-28 19:00:37,578 - INFO: Открываю файл: п_Холст 33х46 см_0000_7515_1_1г_V_id_1300_27_V.jpg
2024-01-28 19:00:38,256 - INFO: Открываю файл: п_Холст 25х34 см,  с рамой_0000_7519_1_1г_V_id_1250_28_V.jpg
2024-01-28 19:00:38,934 - INFO: Открываю файл: п_Холст 25х34 см_0000_7508_1_1г_V_id_1000_29_V.jpg
2024-01-28 19:00:39,659 - INFO: Открываю файл: п_Холст 25х34 см,  с рамой_0000_7528_1_1г_V_id_1250_30_V.jpg
2024-01-28 19:00:40,338 - INFO: Открываю файл: п_Холст 25х34 см,  с рамой_0000_7554_1_2а_V_id_1250_31_V.jpg
2024-01-28 19:00:41,036 - INFO: Открываю файл: п_Холст 25х34 см,  с рамой_0000_7555_1_2а_V_id_1250_32_V.jpg
2024-01-28 19:00:41,770 - INFO: Открываю файл: п_Холст 25х34 см,  с рамой_0000_7592_1_2а_V_id_1250_33_V.jpg
2024-01-28 19:00:42,463 - INFO: Открываю файл: п_Холст 25х34 см,  с рамой_0000_7593_1_2а_V_id_1250_34_V.jpg
2024-01-28 19:00:43,218 - INFO: Открываю файл: п_Холст 33х46 см, с рамой_0000_7598_1_2а_V_id_1650_35_V.jpg
2024-01-28 19:00:43,951 - INFO: Открываю файл: п_Холст 25х34 см,  с рамой_0000_7602_1_3г_V_id_1250_36_V.jpg
2024-01-28 19:00:44,738 - INFO: Открываю файл: п_Холст 25х34 см_0000_7606_1_3г_V_id_1000_37_V.jpg
2024-01-28 19:00:45,462 - INFO: Открываю файл: п_Холст 25х34 см_0000_7612_1_3г_V_id_1000_38_V.jpg
2024-01-28 19:00:46,196 - INFO: Открываю файл: п_Холст 25х34 см,  с рамой_0000_7615_1_3г_V_id_1250_39_V.jpg
2024-01-28 19:00:46,969 - INFO: Открываю файл: п_Холст 25х34 см_0000_7547_1_2в_V_id_1000_40_V.jpg
2024-01-28 19:00:47,662 - INFO: Открываю файл: п_Холст 33х46 см, с рамой_0000_7549_1_2в_V_id_1650_41_V.jpg
2024-01-28 19:00:48,410 - INFO: Открываю файл: п_Холст 25х34 см,  с рамой_0000_7552_3_2в_V_id_3750_42_V.jpg
2024-01-28 19:00:49,154 - INFO: Открываю файл: п_Холст 25х34 см,  с рамой_0000_7561_1_2в_V_id_1250_43_V.jpg
2024-01-28 19:00:49,913 - INFO: Открываю файл: п_Холст 33х46 см_0000_7585_1_2в_V_id_1300_44_V.jpg
2024-01-28 19:00:50,679 - INFO: Открываю файл: п_Холст 25х34 см_0000_7567_1_2в_V_id_1000_45_V.jpg
2024-01-28 19:00:51,414 - INFO: Открываю файл: п_Холст 25х34 см,  с рамой_0000_7571_1_2в_V_id_1250_46_V.jpg
2024-01-28 19:00:52,178 - INFO: Открываю файл: п_Холст 25х34 см_0000_7574_1_2в_V_id_1000_47_V.jpg
2024-01-28 19:00:52,909 - INFO: Открываю файл: п_Холст 25х34 см,  с рамой_0000_7530_1_2г_V_id_1250_48_V.jpg
2024-01-28 19:00:53,620 - INFO: Открываю файл: п_Холст 25х34 см,  с рамой_0000_7532_1_2г_V_id_1250_49_V.jpg
2024-01-28 19:00:54,320 - INFO: Открываю файл: п_Холст 33х46 см, с рамой_0000_7536_1_2г_V_id_1650_50_V.jpg
2024-01-28 19:00:55,073 - INFO: Открываю файл: п_Холст 25х34 см_0000_7540_1_2г_V_id_1000_51_V.jpg
2024-01-28 19:00:55,815 - INFO: Открываю файл: п_Холст 25х34 см_0000_7542_1_2г_V_id_1000_52_V.jpg
2024-01-28 19:00:56,537 - INFO: Открываю файл: п_Холст 25х34 см,  с рамой_0000_7544_1_2г_V_id_1250_53_V.jpg
2024-01-28 19:00:57,290 - INFO: Открываю файл: п_Холст 25х34 см,  с рамой_0000_7588_1_2г_V_id_1250_54_V.jpg
2024-01-28 19:00:58,018 - INFO: Открываю файл: п_Холст 25х34 см,  с рамой_0000_7558_1_3б_V_id_1250_55_V.jpg
2024-01-28 19:00:58,746 - INFO: Открываю файл: п_Холст 25х34 см,  с рамой_0000_7563_1_3б_V_id_1250_56_V.jpg
2024-01-28 19:00:59,433 - INFO: Открываю файл: п_Холст 25х34 см_0000_7578_1_3б_V_id_1000_57_V.jpg
2024-01-28 19:01:00,138 - INFO: Открываю файл: п_Холст 25х34 см,  с рамой_0000_7589_1_3а_V_id_1250_58_V.jpg
2024-01-28 19:01:00,887 - INFO: Открываю файл: п_Холст 25х34 см_0000_7389_1_4а_V_id_1000_59_V.jpg
2024-01-28 19:01:01,640 - INFO: Открываю файл: п_Холст 25х34 см_0000_7392_1_4в_V_id_1000_60_V.jpg
2024-01-28 19:01:02,401 - INFO: Открываю файл: п_Холст 33х46 см, с рамой_0000_7392_1_4в_V_id_1650_61_V.jpg
2024-01-28 19:01:03,147 - INFO: Открываю файл: п_Холст 25х34 см,  с рамой_0000_7394_1_4в_V_id_1250_62_V.jpg
2024-01-28 19:01:03,886 - INFO: Открываю файл: п_Холст 33х46 см_0000_7401_1_4д_V_id_1300_63_V.jpg
2024-01-28 19:01:04,630 - INFO: Открываю файл: п_Холст 25х34 см,  с рамой_0000_7404_1_4д_V_id_1250_64_V.jpg
2024-01-28 19:01:05,345 - INFO: Открываю файл: п_Холст 25х34 см,  с рамой_0000_7406_1_4д_V_id_1250_65_V.jpg
2024-01-28 19:01:06,120 - INFO: Открываю файл: п_Холст 25х34 см_0000_7464_1_4д_V_id_1000_66_V.jpg
2024-01-28 19:01:06,831 - INFO: Открываю файл: п_Холст 25х34 см_0000_7523_1_4г_V_id_1000_67_V.jpg
2024-01-28 19:01:07,542 - INFO: Получаю классы из файлов.
2024-01-28 19:01:07,544 - INFO: Найден класс: 1а
2024-01-28 19:01:07,544 - INFO: Найден класс: 1в
2024-01-28 19:01:07,544 - INFO: Найден класс: 1б
2024-01-28 19:01:07,545 - INFO: Найден класс: 1г
2024-01-28 19:01:07,545 - INFO: Найден класс: 2а
2024-01-28 19:01:07,546 - INFO: Найден класс: 3г
2024-01-28 19:01:07,546 - INFO: Найден класс: 2в
2024-01-28 19:01:07,546 - INFO: Найден класс: 2г
2024-01-28 19:01:07,547 - INFO: Найден класс: 3б
2024-01-28 19:01:07,547 - INFO: Найден класс: 3а
2024-01-28 19:01:07,548 - INFO: Найден класс: 4а
2024-01-28 19:01:07,548 - INFO: Найден класс: 4в
2024-01-28 19:01:07,548 - INFO: Найден класс: 4д
2024-01-28 19:01:07,549 - INFO: Найден класс: 4г
2024-01-28 19:01:07,549 - INFO: Сортирую полученные классы.
